+ efisecdb -a -g f77d6619-1cc1-471b-ba03-efbae888d268 -c kernelcare-contrib/kernelcare_pub_longterm_2032.der -o 01.esl
+ efisecdb -a -g 73c0f53d-7043-43dd-9455-e73ee1a10c32 -c kernelcare-contrib/kernelcare_pub.der -o 02.esl
+ cat 01.esl 02.esl
+ yum list
++ uname -m
++ uname -m
+ grep -e '^gcc.aarch64' -e '^binutils.aarch64'
binutils.aarch64                                     2.35.2-72.el9                         @baseos   
gcc.aarch64                                          11.5.0-14.el9.alma.1                  @appstream
+ make update all
git submodule update --init --recursive
gcc -O0 -g3 -fPIC -Werror -Wall -Wextra -fshort-wchar -fno-merge-constants -ffreestanding -fno-stack-protector -fno-stack-check --std=gnu11 -DCONFIG_aarch64 -I/work/kernelcare-certwrapper/gnu-efi//inc -I/work/kernelcare-certwrapper/gnu-efi//inc/aarch64 -I/work/kernelcare-certwrapper/gnu-efi//inc/protocol -ffreestanding -I/usr/lib/gcc/aarch64-redhat-linux/11/include -DVENDOR_DB -c -o certwrapper.o certwrapper.c
gcc -O0 -g3 -fPIC -Werror -Wall -Wextra -fshort-wchar -fno-merge-constants -ffreestanding -fno-stack-protector -fno-stack-check --std=gnu11 -DCONFIG_aarch64 -I/work/kernelcare-certwrapper/gnu-efi//inc -I/work/kernelcare-certwrapper/gnu-efi//inc/aarch64 -I/work/kernelcare-certwrapper/gnu-efi//inc/protocol -ffreestanding -I/usr/lib/gcc/aarch64-redhat-linux/11/include -DVENDOR_DB -x c -c -o sbat_data.o /dev/null
objcopy --add-section .sbat=/work/kernelcare-certwrapper/data/sbat.csv \
	--set-section-flags .sbat=contents,alloc,load,readonly,data \
	sbat_data.o
gcc -nostdlib -fPIC -Wl,--warn-common -Wl,--no-undefined -Wl,-shared -Wl,-Bsymbolic -L/usr/lib64 -L/work/kernelcare-certwrapper/gnu-efi/ -Wl,--build-id=sha1 -Wl,--hash-style=sysv  -o certwrapper.so certwrapper.o sbat_data.o  \
	/usr/lib/gcc/aarch64-redhat-linux/11/libgcc.a \
	-T /work/kernelcare-certwrapper/elf_aarch64_efi.lds
/usr/bin/ld: warning: certwrapper.so has a LOAD segment with RWX permissions
objcopy -j .text  -j .reloc  -j .db  -j .sbat  \
	   --file-alignment 512 --section-alignment 4096 -D \
	   --strip-unneeded 	 --set-section-alignment .db=512 --set-section-flags .db=alloc,contents,load,readonly,data --add-section .db="db.esl" --change-section-address .db=0x1b000 \
	   --target efi-app-aarch64 certwrapper.so certwrapper.efi
+ mv certwrapper.efi kernelcare-build/shim_certificate_kernelcare_aarch64.efi
+ python -m edk2toolext.image_validation --set-nx-compat -i kernelcare-build/shim_certificate_kernelcare_aarch64.efi
+ python -m edk2toolext.image_validation -p APP -i kernelcare-build/shim_certificate_kernelcare_aarch64.efi
INFO - Overall Result: [PASS]
+ python -m edk2toolext.image_validation --get-nx-compat -i kernelcare-build/shim_certificate_kernelcare_aarch64.efi
INFO - True
+ true
